<?xml version="1.0" encoding="UTF-8"?>
<!-- Generated by org.testng.reporters.JUnitXMLReporter -->
<testsuite ignored="0" hostname="DESKTOP-JJM7M3D" failures="0" tests="4" name="Test" time="0.441" errors="0" timestamp="2022-07-08T12:58:57 IST">
  <testcase classname="Com.testing.Groups_concept" name="move" time="0.057"/>
  <testcase classname="Com.testing.Groups_concept" name="english" time="0.015"/>
  <testcase classname="Com.testing.Groups_concept" name="instagram" time="0.018"/>
  <testcase classname="Com.testing.Groups_concept" name="whatsapp" time="0.01"/>
</testsuite> <!-- Test -->
