<?xml version="1.0" encoding="UTF-8"?>
<testng-results skipped="0" failed="0" ignored="0" total="1" passed="1">
  <reporter-output>
  </reporter-output>
  <suite name="Default suite" duration-ms="507" started-at="2022-08-06T11:02:59 IST" finished-at="2022-08-06T11:03:00 IST">
    <groups>
    </groups>
    <test name="Default test" duration-ms="507" started-at="2022-08-06T11:02:59 IST" finished-at="2022-08-06T11:03:00 IST">
      <class name="Com.testing.Annotations_baseclass">
        <test-method status="PASS" signature="womens()[pri:0, instance:Com.testing.Annotations_baseclass@1a3869f4]" name="womens" is-config="true" duration-ms="89" started-at="2022-08-06T11:02:59 IST" finished-at="2022-08-06T11:02:59 IST">
          <reporter-output>
          </reporter-output>
        </test-method> <!-- womens -->
        <test-method status="PASS" signature="input()[pri:0, instance:Com.testing.Annotations_baseclass@1a3869f4]" name="input" is-config="true" duration-ms="2" started-at="2022-08-06T11:03:00 IST" finished-at="2022-08-06T11:03:00 IST">
          <reporter-output>
          </reporter-output>
        </test-method> <!-- input -->
        <test-method status="PASS" signature="output()[pri:0, instance:Com.testing.Annotations_baseclass@1a3869f4]" name="output" is-config="true" duration-ms="8" started-at="2022-08-06T11:03:00 IST" finished-at="2022-08-06T11:03:00 IST">
          <reporter-output>
          </reporter-output>
        </test-method> <!-- output -->
        <test-method status="PASS" signature="Protect()[pri:0, instance:Com.testing.Annotations_baseclass@1a3869f4]" name="Protect" duration-ms="65" started-at="2022-08-06T11:03:00 IST" finished-at="2022-08-06T11:03:00 IST">
          <reporter-output>
          </reporter-output>
        </test-method> <!-- Protect -->
        <test-method status="PASS" signature="logout()[pri:0, instance:Com.testing.Annotations_baseclass@1a3869f4]" name="logout" is-config="true" duration-ms="18" started-at="2022-08-06T11:03:00 IST" finished-at="2022-08-06T11:03:00 IST">
          <reporter-output>
          </reporter-output>
        </test-method> <!-- logout -->
        <test-method status="PASS" signature="sigin()[pri:0, instance:Com.testing.Annotations_baseclass@1a3869f4]" name="sigin" is-config="true" duration-ms="2" started-at="2022-08-06T11:03:00 IST" finished-at="2022-08-06T11:03:00 IST">
          <reporter-output>
          </reporter-output>
        </test-method> <!-- sigin -->
      </class> <!-- Com.testing.Annotations_baseclass -->
    </test> <!-- Default test -->
  </suite> <!-- Default suite -->
</testng-results>
